
2023-04-04 14:38:30.316  INFO 14140 --- [restartedMain] com.ashokit.Application                  : Starting Application using Java 1.8.0_361 on DESKTOP-0A924NK with PID 14140 (E:\eclipseWorkspace\10-Employee-Details-API\target\classes started by BISWA in E:\eclipseWorkspace\10-Employee-Details-API)
2023-04-04 14:38:30.326  INFO 14140 --- [restartedMain] com.ashokit.Application                  : No active profile set, falling back to 1 default profile: "default"
2023-04-04 14:38:30.495  INFO 14140 --- [restartedMain] o.s.b.devtools.restart.ChangeableUrls    : The Class-Path manifest attribute in C:\Users\BISWA\.m2\repository\com\oracle\database\jdbc\ojdbc8\21.5.0.0\ojdbc8-21.5.0.0.jar referenced one or more files that do not exist: file:/C:/Users/BISWA/.m2/repository/com/oracle/database/jdbc/ojdbc8/21.5.0.0/oraclepki.jar
2023-04-04 14:38:30.495  INFO 14140 --- [restartedMain] .e.DevToolsPropertyDefaultsPostProcessor : Devtools property defaults active! Set 'spring.devtools.add-properties' to 'false' to disable
2023-04-04 14:38:30.496  INFO 14140 --- [restartedMain] .e.DevToolsPropertyDefaultsPostProcessor : For additional web related logging consider setting the 'logging.level.web' property to 'DEBUG'
2023-04-04 14:38:32.444  INFO 14140 --- [restartedMain] .s.d.r.c.RepositoryConfigurationDelegate : Bootstrapping Spring Data JPA repositories in DEFAULT mode.
2023-04-04 14:38:32.620  INFO 14140 --- [restartedMain] .s.d.r.c.RepositoryConfigurationDelegate : Finished Spring Data repository scanning in 144 ms. Found 1 JPA repository interfaces.
2023-04-04 14:38:34.725  INFO 14140 --- [restartedMain] o.s.b.w.embedded.tomcat.TomcatWebServer  : Tomcat initialized with port(s): 8080 (http)
2023-04-04 14:38:34.761  INFO 14140 --- [restartedMain] o.apache.catalina.core.StandardService   : Starting service [Tomcat]
2023-04-04 14:38:34.762  INFO 14140 --- [restartedMain] org.apache.catalina.core.StandardEngine  : Starting Servlet engine: [Apache Tomcat/9.0.73]
2023-04-04 14:38:35.081  INFO 14140 --- [restartedMain] o.a.c.c.C.[Tomcat].[localhost].[/]       : Initializing Spring embedded WebApplicationContext
2023-04-04 14:38:35.081  INFO 14140 --- [restartedMain] w.s.c.ServletWebServerApplicationContext : Root WebApplicationContext: initialization completed in 4583 ms
2023-04-04 14:38:35.919  INFO 14140 --- [restartedMain] o.hibernate.jpa.internal.util.LogHelper  : HHH000204: Processing PersistenceUnitInfo [name: default]
2023-04-04 14:38:36.142  INFO 14140 --- [restartedMain] org.hibernate.Version                    : HHH000412: Hibernate ORM core version 5.6.15.Final
2023-04-04 14:38:36.770  INFO 14140 --- [restartedMain] o.hibernate.annotations.common.Version   : HCANN000001: Hibernate Commons Annotations {5.1.2.Final}
2023-04-04 14:38:37.210  INFO 14140 --- [restartedMain] com.zaxxer.hikari.HikariDataSource       : HikariPool-1 - Starting...
2023-04-04 14:38:37.224  WARN 14140 --- [restartedMain] com.zaxxer.hikari.util.DriverDataSource  : Registered driver with driverClassName=oracle.jdbc.driver.OracleDriver was not found, trying direct instantiation.
2023-04-04 14:38:38.758  INFO 14140 --- [restartedMain] com.zaxxer.hikari.HikariDataSource       : HikariPool-1 - Start completed.
2023-04-04 14:38:38.900  INFO 14140 --- [restartedMain] org.hibernate.dialect.Dialect            : HHH000400: Using dialect: org.hibernate.dialect.Oracle10gDialect
2023-04-04 14:38:42.146  INFO 14140 --- [restartedMain] o.h.e.t.j.p.i.JtaPlatformInitiator       : HHH000490: Using JtaPlatform implementation: [org.hibernate.engine.transaction.jta.platform.internal.NoJtaPlatform]
2023-04-04 14:38:42.184  INFO 14140 --- [restartedMain] j.LocalContainerEntityManagerFactoryBean : Initialized JPA EntityManagerFactory for persistence unit 'default'
2023-04-04 14:38:42.199  INFO 14140 --- [restartedMain] f.a.AutowiredAnnotationBeanPostProcessor : Autowired annotation is not supported on static fields: private static com.ashokit.repository.EmpRepository com.ashokit.Application.repo
2023-04-04 14:38:43.759  WARN 14140 --- [restartedMain] JpaBaseConfiguration$JpaWebConfiguration : spring.jpa.open-in-view is enabled by default. Therefore, database queries may be performed during view rendering. Explicitly configure spring.jpa.open-in-view to disable this warning
2023-04-04 14:38:44.850  INFO 14140 --- [restartedMain] o.s.b.d.a.OptionalLiveReloadServer       : LiveReload server is running on port 35729
2023-04-04 14:38:44.981  INFO 14140 --- [restartedMain] o.s.b.w.embedded.tomcat.TomcatWebServer  : Tomcat started on port(s): 8080 (http) with context path ''
2023-04-04 14:38:45.008  INFO 14140 --- [restartedMain] com.ashokit.Application                  : Started Application in 16.098 seconds (JVM running for 19.274)
2023-04-04 14:41:58.694  INFO 14140 --- [RMI TCP Connection(2)-127.0.0.1] inMXBeanRegistrar$SpringApplicationAdmin : Application shutdown requested.
2023-04-04 14:41:59.155  INFO 14140 --- [RMI TCP Connection(2)-127.0.0.1] o.apache.catalina.core.StandardService   : Stopping service [Tomcat]
2023-04-04 14:41:59.203  INFO 14140 --- [RMI TCP Connection(2)-127.0.0.1] j.LocalContainerEntityManagerFactoryBean : Closing JPA EntityManagerFactory for persistence unit 'default'
2023-04-04 14:41:59.213  INFO 14140 --- [RMI TCP Connection(2)-127.0.0.1] com.zaxxer.hikari.HikariDataSource       : HikariPool-1 - Shutdown initiated...
2023-04-04 14:41:59.245  INFO 14140 --- [RMI TCP Connection(2)-127.0.0.1] com.zaxxer.hikari.HikariDataSource       : HikariPool-1 - Shutdown completed.
2023-04-04 14:42:32.331  INFO 8492 --- [restartedMain] com.ashokit.Application                  : Starting Application using Java 1.8.0_361 on DESKTOP-0A924NK with PID 8492 (E:\eclipseWorkspace\10-Employee-Details-API\target\classes started by BISWA in E:\eclipseWorkspace\10-Employee-Details-API)
2023-04-04 14:42:32.341  INFO 8492 --- [restartedMain] com.ashokit.Application                  : No active profile set, falling back to 1 default profile: "default"
2023-04-04 14:42:32.501  INFO 8492 --- [restartedMain] o.s.b.devtools.restart.ChangeableUrls    : The Class-Path manifest attribute in C:\Users\BISWA\.m2\repository\com\oracle\database\jdbc\ojdbc8\21.5.0.0\ojdbc8-21.5.0.0.jar referenced one or more files that do not exist: file:/C:/Users/BISWA/.m2/repository/com/oracle/database/jdbc/ojdbc8/21.5.0.0/oraclepki.jar
2023-04-04 14:42:32.502  INFO 8492 --- [restartedMain] .e.DevToolsPropertyDefaultsPostProcessor : Devtools property defaults active! Set 'spring.devtools.add-properties' to 'false' to disable
2023-04-04 14:42:32.502  INFO 8492 --- [restartedMain] .e.DevToolsPropertyDefaultsPostProcessor : For additional web related logging consider setting the 'logging.level.web' property to 'DEBUG'
2023-04-04 14:42:34.393  INFO 8492 --- [restartedMain] .s.d.r.c.RepositoryConfigurationDelegate : Bootstrapping Spring Data JPA repositories in DEFAULT mode.
2023-04-04 14:42:34.558  INFO 8492 --- [restartedMain] .s.d.r.c.RepositoryConfigurationDelegate : Finished Spring Data repository scanning in 134 ms. Found 1 JPA repository interfaces.
2023-04-04 14:42:36.527  INFO 8492 --- [restartedMain] o.s.b.w.embedded.tomcat.TomcatWebServer  : Tomcat initialized with port(s): 8080 (http)
2023-04-04 14:42:36.559  INFO 8492 --- [restartedMain] o.apache.catalina.core.StandardService   : Starting service [Tomcat]
2023-04-04 14:42:36.559  INFO 8492 --- [restartedMain] org.apache.catalina.core.StandardEngine  : Starting Servlet engine: [Apache Tomcat/9.0.73]
2023-04-04 14:42:36.849  INFO 8492 --- [restartedMain] o.a.c.c.C.[Tomcat].[localhost].[/]       : Initializing Spring embedded WebApplicationContext
2023-04-04 14:42:36.850  INFO 8492 --- [restartedMain] w.s.c.ServletWebServerApplicationContext : Root WebApplicationContext: initialization completed in 4346 ms
2023-04-04 14:42:37.631  INFO 8492 --- [restartedMain] o.hibernate.jpa.internal.util.LogHelper  : HHH000204: Processing PersistenceUnitInfo [name: default]
2023-04-04 14:42:37.810  INFO 8492 --- [restartedMain] org.hibernate.Version                    : HHH000412: Hibernate ORM core version 5.6.15.Final
2023-04-04 14:42:38.377  INFO 8492 --- [restartedMain] o.hibernate.annotations.common.Version   : HCANN000001: Hibernate Commons Annotations {5.1.2.Final}
2023-04-04 14:42:38.738  INFO 8492 --- [restartedMain] com.zaxxer.hikari.HikariDataSource       : HikariPool-1 - Starting...
2023-04-04 14:42:38.752  WARN 8492 --- [restartedMain] com.zaxxer.hikari.util.DriverDataSource  : Registered driver with driverClassName=oracle.jdbc.driver.OracleDriver was not found, trying direct instantiation.
2023-04-04 14:42:40.226  INFO 8492 --- [restartedMain] com.zaxxer.hikari.HikariDataSource       : HikariPool-1 - Start completed.
2023-04-04 14:42:40.345  INFO 8492 --- [restartedMain] org.hibernate.dialect.Dialect            : HHH000400: Using dialect: org.hibernate.dialect.Oracle10gDialect
2023-04-04 14:42:43.284  INFO 8492 --- [restartedMain] o.h.e.t.j.p.i.JtaPlatformInitiator       : HHH000490: Using JtaPlatform implementation: [org.hibernate.engine.transaction.jta.platform.internal.NoJtaPlatform]
2023-04-04 14:42:43.320  INFO 8492 --- [restartedMain] j.LocalContainerEntityManagerFactoryBean : Initialized JPA EntityManagerFactory for persistence unit 'default'
2023-04-04 14:42:44.886  WARN 8492 --- [restartedMain] JpaBaseConfiguration$JpaWebConfiguration : spring.jpa.open-in-view is enabled by default. Therefore, database queries may be performed during view rendering. Explicitly configure spring.jpa.open-in-view to disable this warning
2023-04-04 14:42:45.943  INFO 8492 --- [restartedMain] o.s.b.d.a.OptionalLiveReloadServer       : LiveReload server is running on port 35729
2023-04-04 14:42:46.050  INFO 8492 --- [restartedMain] o.s.b.w.embedded.tomcat.TomcatWebServer  : Tomcat started on port(s): 8080 (http) with context path ''
2023-04-04 14:42:46.077  INFO 8492 --- [restartedMain] com.ashokit.Application                  : Started Application in 15.042 seconds (JVM running for 17.906)
2023-04-04 14:43:01.721  INFO 8492 --- [File Watcher] rtingClassPathChangeChangedEventListener : Restarting due to 1 class path change (0 additions, 0 deletions, 1 modification)
2023-04-04 14:43:02.160  INFO 8492 --- [Thread-9] o.apache.catalina.core.StandardService   : Stopping service [Tomcat]
2023-04-04 14:43:02.198  INFO 8492 --- [Thread-9] j.LocalContainerEntityManagerFactoryBean : Closing JPA EntityManagerFactory for persistence unit 'default'
2023-04-04 14:43:02.209  INFO 8492 --- [Thread-9] com.zaxxer.hikari.HikariDataSource       : HikariPool-1 - Shutdown initiated...
2023-04-04 14:43:02.240  INFO 8492 --- [Thread-9] com.zaxxer.hikari.HikariDataSource       : HikariPool-1 - Shutdown completed.
2023-04-04 14:43:02.679  INFO 8492 --- [restartedMain] com.ashokit.Application                  : Starting Application using Java 1.8.0_361 on DESKTOP-0A924NK with PID 8492 (E:\eclipseWorkspace\10-Employee-Details-API\target\classes started by BISWA in E:\eclipseWorkspace\10-Employee-Details-API)
2023-04-04 14:43:02.680  INFO 8492 --- [restartedMain] com.ashokit.Application                  : No active profile set, falling back to 1 default profile: "default"
2023-04-04 14:43:03.199  INFO 8492 --- [restartedMain] .s.d.r.c.RepositoryConfigurationDelegate : Bootstrapping Spring Data JPA repositories in DEFAULT mode.
2023-04-04 14:43:03.220  INFO 8492 --- [restartedMain] .s.d.r.c.RepositoryConfigurationDelegate : Finished Spring Data repository scanning in 20 ms. Found 1 JPA repository interfaces.
2023-04-04 14:43:03.488  INFO 8492 --- [restartedMain] o.s.b.w.embedded.tomcat.TomcatWebServer  : Tomcat initialized with port(s): 8080 (http)
2023-04-04 14:43:03.490  INFO 8492 --- [restartedMain] o.apache.catalina.core.StandardService   : Starting service [Tomcat]
2023-04-04 14:43:03.490  INFO 8492 --- [restartedMain] org.apache.catalina.core.StandardEngine  : Starting Servlet engine: [Apache Tomcat/9.0.73]
2023-04-04 14:43:03.525  INFO 8492 --- [restartedMain] o.a.c.c.C.[Tomcat].[localhost].[/]       : Initializing Spring embedded WebApplicationContext
2023-04-04 14:43:03.525  INFO 8492 --- [restartedMain] w.s.c.ServletWebServerApplicationContext : Root WebApplicationContext: initialization completed in 838 ms
2023-04-04 14:43:03.616  INFO 8492 --- [restartedMain] o.hibernate.jpa.internal.util.LogHelper  : HHH000204: Processing PersistenceUnitInfo [name: default]
2023-04-04 14:43:03.627  INFO 8492 --- [restartedMain] com.zaxxer.hikari.HikariDataSource       : HikariPool-2 - Starting...
2023-04-04 14:43:03.627  WARN 8492 --- [restartedMain] com.zaxxer.hikari.util.DriverDataSource  : Registered driver with driverClassName=oracle.jdbc.driver.OracleDriver was not found, trying direct instantiation.
2023-04-04 14:43:03.673  INFO 8492 --- [restartedMain] com.zaxxer.hikari.HikariDataSource       : HikariPool-2 - Start completed.
2023-04-04 14:43:03.673  INFO 8492 --- [restartedMain] org.hibernate.dialect.Dialect            : HHH000400: Using dialect: org.hibernate.dialect.Oracle10gDialect
2023-04-04 14:43:04.030  INFO 8492 --- [restartedMain] o.h.e.t.j.p.i.JtaPlatformInitiator       : HHH000490: Using JtaPlatform implementation: [org.hibernate.engine.transaction.jta.platform.internal.NoJtaPlatform]
2023-04-04 14:43:04.031  INFO 8492 --- [restartedMain] j.LocalContainerEntityManagerFactoryBean : Initialized JPA EntityManagerFactory for persistence unit 'default'
2023-04-04 14:43:04.289  WARN 8492 --- [restartedMain] JpaBaseConfiguration$JpaWebConfiguration : spring.jpa.open-in-view is enabled by default. Therefore, database queries may be performed during view rendering. Explicitly configure spring.jpa.open-in-view to disable this warning
2023-04-04 14:43:04.590  INFO 8492 --- [restartedMain] o.s.b.d.a.OptionalLiveReloadServer       : LiveReload server is running on port 35729
2023-04-04 14:43:04.629  INFO 8492 --- [restartedMain] o.s.b.w.embedded.tomcat.TomcatWebServer  : Tomcat started on port(s): 8080 (http) with context path ''
2023-04-04 14:43:04.643  INFO 8492 --- [restartedMain] com.ashokit.Application                  : Started Application in 2.071 seconds (JVM running for 36.471)
2023-04-04 14:43:04.648  INFO 8492 --- [restartedMain] .ConditionEvaluationDeltaLoggingListener : Condition evaluation unchanged
2023-04-04 14:51:26.433  INFO 13104 --- [main] com.ashokit.ApplicationTests             : Starting ApplicationTests using Java 1.8.0_361 on DESKTOP-0A924NK with PID 13104 (started by BISWA in E:\eclipseWorkspace\10-Employee-Details-API)
2023-04-04 14:51:26.436  INFO 13104 --- [main] com.ashokit.ApplicationTests             : No active profile set, falling back to 1 default profile: "default"
2023-04-04 14:51:28.856  INFO 13104 --- [main] .s.d.r.c.RepositoryConfigurationDelegate : Bootstrapping Spring Data JPA repositories in DEFAULT mode.
2023-04-04 14:51:29.068  INFO 13104 --- [main] .s.d.r.c.RepositoryConfigurationDelegate : Finished Spring Data repository scanning in 175 ms. Found 1 JPA repository interfaces.
2023-04-04 14:51:31.739  INFO 13104 --- [main] o.hibernate.jpa.internal.util.LogHelper  : HHH000204: Processing PersistenceUnitInfo [name: default]
2023-04-04 14:51:31.981  INFO 13104 --- [main] org.hibernate.Version                    : HHH000412: Hibernate ORM core version 5.6.15.Final
2023-04-04 14:51:32.731  INFO 13104 --- [main] o.hibernate.annotations.common.Version   : HCANN000001: Hibernate Commons Annotations {5.1.2.Final}
2023-04-04 14:51:33.755  INFO 13104 --- [main] com.zaxxer.hikari.HikariDataSource       : HikariPool-1 - Starting...
2023-04-04 14:51:33.770  WARN 13104 --- [main] com.zaxxer.hikari.util.DriverDataSource  : Registered driver with driverClassName=oracle.jdbc.driver.OracleDriver was not found, trying direct instantiation.
2023-04-04 14:51:35.615  INFO 13104 --- [main] com.zaxxer.hikari.HikariDataSource       : HikariPool-1 - Start completed.
2023-04-04 14:51:35.763  INFO 13104 --- [main] org.hibernate.dialect.Dialect            : HHH000400: Using dialect: org.hibernate.dialect.Oracle10gDialect
2023-04-04 14:51:39.996  INFO 13104 --- [main] o.h.e.t.j.p.i.JtaPlatformInitiator       : HHH000490: Using JtaPlatform implementation: [org.hibernate.engine.transaction.jta.platform.internal.NoJtaPlatform]
2023-04-04 14:51:40.359  INFO 13104 --- [main] j.LocalContainerEntityManagerFactoryBean : Initialized JPA EntityManagerFactory for persistence unit 'default'
2023-04-04 14:51:42.648  WARN 13104 --- [main] JpaBaseConfiguration$JpaWebConfiguration : spring.jpa.open-in-view is enabled by default. Therefore, database queries may be performed during view rendering. Explicitly configure spring.jpa.open-in-view to disable this warning
2023-04-04 14:51:45.189  INFO 13104 --- [main] com.ashokit.ApplicationTests             : Started ApplicationTests in 20.074 seconds (JVM running for 24.59)
2023-04-04 14:51:45.575  INFO 13104 --- [main] .b.t.a.w.s.WebMvcTestContextBootstrapper : Neither @ContextConfiguration nor @ContextHierarchy found for test class [com.ashokit.rest.EmpRestControllerTest], using SpringBootContextLoader
2023-04-04 14:51:45.577  INFO 13104 --- [main] o.s.t.c.support.AbstractContextLoader    : Could not detect default resource locations for test class [com.ashokit.rest.EmpRestControllerTest]: no resource found for suffixes {-context.xml, Context.groovy}.
2023-04-04 14:51:45.578  INFO 13104 --- [main] t.c.s.AnnotationConfigContextLoaderUtils : Could not detect default configuration classes for test class [com.ashokit.rest.EmpRestControllerTest]: EmpRestControllerTest does not declare any static, non-private, non-final, nested classes annotated with @Configuration.
2023-04-04 14:51:45.655  INFO 13104 --- [main] .b.t.c.SpringBootTestContextBootstrapper : Found @SpringBootConfiguration com.ashokit.Application for test class com.ashokit.rest.EmpRestControllerTest
2023-04-04 14:51:45.659  INFO 13104 --- [main] .b.t.a.w.s.WebMvcTestContextBootstrapper : Loaded default TestExecutionListener class names from location [META-INF/spring.factories]: [org.springframework.boot.test.mock.mockito.MockitoTestExecutionListener, org.springframework.boot.test.mock.mockito.ResetMocksTestExecutionListener, org.springframework.boot.test.autoconfigure.restdocs.RestDocsTestExecutionListener, org.springframework.boot.test.autoconfigure.web.client.MockRestServiceServerResetTestExecutionListener, org.springframework.boot.test.autoconfigure.web.servlet.MockMvcPrintOnlyOnFailureTestExecutionListener, org.springframework.boot.test.autoconfigure.web.servlet.WebDriverTestExecutionListener, org.springframework.boot.test.autoconfigure.webservices.client.MockWebServiceServerTestExecutionListener, org.springframework.test.context.web.ServletTestExecutionListener, org.springframework.test.context.support.DirtiesContextBeforeModesTestExecutionListener, org.springframework.test.context.event.ApplicationEventsTestExecutionListener, org.springframework.test.context.support.DependencyInjectionTestExecutionListener, org.springframework.test.context.support.DirtiesContextTestExecutionListener, org.springframework.test.context.transaction.TransactionalTestExecutionListener, org.springframework.test.context.jdbc.SqlScriptsTestExecutionListener, org.springframework.test.context.event.EventPublishingTestExecutionListener]
2023-04-04 14:51:45.660  INFO 13104 --- [main] .b.t.a.w.s.WebMvcTestContextBootstrapper : Using TestExecutionListeners: [org.springframework.test.context.web.ServletTestExecutionListener@3af39e7b, org.springframework.test.context.support.DirtiesContextBeforeModesTestExecutionListener@4f6ff62, org.springframework.test.context.event.ApplicationEventsTestExecutionListener@1c62d2ad, org.springframework.boot.test.mock.mockito.MockitoTestExecutionListener@651caa2e, org.springframework.boot.test.autoconfigure.SpringBootDependencyInjectionTestExecutionListener@433ae0b0, org.springframework.test.context.support.DirtiesContextTestExecutionListener@70840a5a, org.springframework.test.context.transaction.TransactionalTestExecutionListener@7af9595d, org.springframework.test.context.jdbc.SqlScriptsTestExecutionListener@7a34c1f6, org.springframework.test.context.event.EventPublishingTestExecutionListener@6e9f8160, org.springframework.boot.test.mock.mockito.ResetMocksTestExecutionListener@3e998033, org.springframework.boot.test.autoconfigure.restdocs.RestDocsTestExecutionListener@e1a150c, org.springframework.boot.test.autoconfigure.web.client.MockRestServiceServerResetTestExecutionListener@527d5e48, org.springframework.boot.test.autoconfigure.web.servlet.MockMvcPrintOnlyOnFailureTestExecutionListener@407b41e6, org.springframework.boot.test.autoconfigure.web.servlet.WebDriverTestExecutionListener@3291d9c2, org.springframework.boot.test.autoconfigure.webservices.client.MockWebServiceServerTestExecutionListener@6cfd08e9]
2023-04-04 14:51:45.810  INFO 13104 --- [main] com.ashokit.rest.EmpRestControllerTest   : Starting EmpRestControllerTest using Java 1.8.0_361 on DESKTOP-0A924NK with PID 13104 (started by BISWA in E:\eclipseWorkspace\10-Employee-Details-API)
2023-04-04 14:51:45.811  INFO 13104 --- [main] com.ashokit.rest.EmpRestControllerTest   : No active profile set, falling back to 1 default profile: "default"
2023-04-04 14:51:49.411  INFO 13104 --- [main] o.s.b.t.m.w.SpringBootMockServletContext : Initializing Spring TestDispatcherServlet ''
2023-04-04 14:51:49.411  INFO 13104 --- [main] o.s.t.web.servlet.TestDispatcherServlet  : Initializing Servlet ''
2023-04-04 14:51:49.414  INFO 13104 --- [main] o.s.t.web.servlet.TestDispatcherServlet  : Completed initialization in 3 ms
2023-04-04 14:51:49.537  INFO 13104 --- [main] com.ashokit.rest.EmpRestControllerTest   : Started EmpRestControllerTest in 3.868 seconds (JVM running for 28.937)
2023-04-04 14:51:50.285  INFO 13104 --- [SpringApplicationShutdownHook] j.LocalContainerEntityManagerFactoryBean : Closing JPA EntityManagerFactory for persistence unit 'default'
2023-04-04 14:51:50.296  INFO 13104 --- [SpringApplicationShutdownHook] com.zaxxer.hikari.HikariDataSource       : HikariPool-1 - Shutdown initiated...
2023-04-04 14:51:50.369  INFO 13104 --- [SpringApplicationShutdownHook] com.zaxxer.hikari.HikariDataSource       : HikariPool-1 - Shutdown completed.
2023-04-04 14:52:22.458  INFO 708 --- [main] com.ashokit.service.EmpServiceTest       : Starting EmpServiceTest using Java 1.8.0_361 on DESKTOP-0A924NK with PID 708 (started by BISWA in E:\eclipseWorkspace\10-Employee-Details-API)
2023-04-04 14:52:22.463  INFO 708 --- [main] com.ashokit.service.EmpServiceTest       : No active profile set, falling back to 1 default profile: "default"
2023-04-04 14:52:24.894  INFO 708 --- [main] .s.d.r.c.RepositoryConfigurationDelegate : Bootstrapping Spring Data JPA repositories in DEFAULT mode.
2023-04-04 14:52:25.097  INFO 708 --- [main] .s.d.r.c.RepositoryConfigurationDelegate : Finished Spring Data repository scanning in 170 ms. Found 1 JPA repository interfaces.
2023-04-04 14:52:29.438  INFO 708 --- [main] o.hibernate.jpa.internal.util.LogHelper  : HHH000204: Processing PersistenceUnitInfo [name: default]
2023-04-04 14:52:29.733  INFO 708 --- [main] org.hibernate.Version                    : HHH000412: Hibernate ORM core version 5.6.15.Final
2023-04-04 14:52:29.934  INFO 708 --- [main] o.hibernate.annotations.common.Version   : HCANN000001: Hibernate Commons Annotations {5.1.2.Final}
2023-04-04 14:52:31.049  INFO 708 --- [main] com.zaxxer.hikari.HikariDataSource       : HikariPool-1 - Starting...
2023-04-04 14:52:31.066  WARN 708 --- [main] com.zaxxer.hikari.util.DriverDataSource  : Registered driver with driverClassName=oracle.jdbc.driver.OracleDriver was not found, trying direct instantiation.
2023-04-04 14:52:33.045  INFO 708 --- [main] com.zaxxer.hikari.HikariDataSource       : HikariPool-1 - Start completed.
2023-04-04 14:52:33.236  INFO 708 --- [main] org.hibernate.dialect.Dialect            : HHH000400: Using dialect: org.hibernate.dialect.Oracle10gDialect
2023-04-04 14:52:36.734  INFO 708 --- [main] o.h.e.t.j.p.i.JtaPlatformInitiator       : HHH000490: Using JtaPlatform implementation: [org.hibernate.engine.transaction.jta.platform.internal.NoJtaPlatform]
2023-04-04 14:52:36.782  INFO 708 --- [main] j.LocalContainerEntityManagerFactoryBean : Initialized JPA EntityManagerFactory for persistence unit 'default'
2023-04-04 14:52:37.910  WARN 708 --- [main] JpaBaseConfiguration$JpaWebConfiguration : spring.jpa.open-in-view is enabled by default. Therefore, database queries may be performed during view rendering. Explicitly configure spring.jpa.open-in-view to disable this warning
2023-04-04 14:52:40.455  INFO 708 --- [main] com.ashokit.service.EmpServiceTest       : Started EmpServiceTest in 19.325 seconds (JVM running for 24.037)
2023-04-04 14:52:40.731  INFO 708 --- [main] com.ashokit.service.EmpService           : getEmp ::start
2023-04-04 14:52:40.753  INFO 708 --- [main] com.ashokit.service.EmpService           : getEmp ::end
2023-04-04 14:52:40.859  INFO 708 --- [main] .b.t.c.SpringBootTestContextBootstrapper : Neither @ContextConfiguration nor @ContextHierarchy found for test class [com.ashokit.ApplicationTests], using SpringBootContextLoader
2023-04-04 14:52:40.865  INFO 708 --- [main] o.s.t.c.support.AbstractContextLoader    : Could not detect default resource locations for test class [com.ashokit.ApplicationTests]: no resource found for suffixes {-context.xml, Context.groovy}.
2023-04-04 14:52:40.865  INFO 708 --- [main] t.c.s.AnnotationConfigContextLoaderUtils : Could not detect default configuration classes for test class [com.ashokit.ApplicationTests]: ApplicationTests does not declare any static, non-private, non-final, nested classes annotated with @Configuration.
2023-04-04 14:52:40.879  INFO 708 --- [main] .b.t.c.SpringBootTestContextBootstrapper : Found @SpringBootConfiguration com.ashokit.Application for test class com.ashokit.ApplicationTests
2023-04-04 14:52:40.885  INFO 708 --- [main] .b.t.c.SpringBootTestContextBootstrapper : Loaded default TestExecutionListener class names from location [META-INF/spring.factories]: [org.springframework.boot.test.mock.mockito.MockitoTestExecutionListener, org.springframework.boot.test.mock.mockito.ResetMocksTestExecutionListener, org.springframework.boot.test.autoconfigure.restdocs.RestDocsTestExecutionListener, org.springframework.boot.test.autoconfigure.web.client.MockRestServiceServerResetTestExecutionListener, org.springframework.boot.test.autoconfigure.web.servlet.MockMvcPrintOnlyOnFailureTestExecutionListener, org.springframework.boot.test.autoconfigure.web.servlet.WebDriverTestExecutionListener, org.springframework.boot.test.autoconfigure.webservices.client.MockWebServiceServerTestExecutionListener, org.springframework.test.context.web.ServletTestExecutionListener, org.springframework.test.context.support.DirtiesContextBeforeModesTestExecutionListener, org.springframework.test.context.event.ApplicationEventsTestExecutionListener, org.springframework.test.context.support.DependencyInjectionTestExecutionListener, org.springframework.test.context.support.DirtiesContextTestExecutionListener, org.springframework.test.context.transaction.TransactionalTestExecutionListener, org.springframework.test.context.jdbc.SqlScriptsTestExecutionListener, org.springframework.test.context.event.EventPublishingTestExecutionListener]
2023-04-04 14:52:40.886  INFO 708 --- [main] .b.t.c.SpringBootTestContextBootstrapper : Using TestExecutionListeners: [org.springframework.test.context.web.ServletTestExecutionListener@c1a74d, org.springframework.test.context.support.DirtiesContextBeforeModesTestExecutionListener@472719df, org.springframework.test.context.event.ApplicationEventsTestExecutionListener@5cfa2ac5, org.springframework.boot.test.mock.mockito.MockitoTestExecutionListener@4cc89246, org.springframework.boot.test.autoconfigure.SpringBootDependencyInjectionTestExecutionListener@413eaf5d, org.springframework.test.context.support.DirtiesContextTestExecutionListener@3e28af44, org.springframework.test.context.transaction.TransactionalTestExecutionListener@33891646, org.springframework.test.context.jdbc.SqlScriptsTestExecutionListener@3bdbf8d3, org.springframework.test.context.event.EventPublishingTestExecutionListener@f2becb2, org.springframework.boot.test.mock.mockito.ResetMocksTestExecutionListener@7482309c, org.springframework.boot.test.autoconfigure.restdocs.RestDocsTestExecutionListener@f42336c, org.springframework.boot.test.autoconfigure.web.client.MockRestServiceServerResetTestExecutionListener@6b3b4f37, org.springframework.boot.test.autoconfigure.web.servlet.MockMvcPrintOnlyOnFailureTestExecutionListener@3b25709e, org.springframework.boot.test.autoconfigure.web.servlet.WebDriverTestExecutionListener@5ec6a1b6, org.springframework.boot.test.autoconfigure.webservices.client.MockWebServiceServerTestExecutionListener@40013051]
2023-04-04 14:52:41.035  INFO 708 --- [main] com.ashokit.ApplicationTests             : Starting ApplicationTests using Java 1.8.0_361 on DESKTOP-0A924NK with PID 708 (started by BISWA in E:\eclipseWorkspace\10-Employee-Details-API)
2023-04-04 14:52:41.036  INFO 708 --- [main] com.ashokit.ApplicationTests             : No active profile set, falling back to 1 default profile: "default"
2023-04-04 14:52:41.766  INFO 708 --- [main] .s.d.r.c.RepositoryConfigurationDelegate : Bootstrapping Spring Data JPA repositories in DEFAULT mode.
2023-04-04 14:52:41.799  INFO 708 --- [main] .s.d.r.c.RepositoryConfigurationDelegate : Finished Spring Data repository scanning in 31 ms. Found 1 JPA repository interfaces.
2023-04-04 14:52:42.427  INFO 708 --- [main] o.hibernate.jpa.internal.util.LogHelper  : HHH000204: Processing PersistenceUnitInfo [name: default]
2023-04-04 14:52:42.444  INFO 708 --- [main] com.zaxxer.hikari.HikariDataSource       : HikariPool-2 - Starting...
2023-04-04 14:52:42.444  WARN 708 --- [main] com.zaxxer.hikari.util.DriverDataSource  : Registered driver with driverClassName=oracle.jdbc.driver.OracleDriver was not found, trying direct instantiation.
2023-04-04 14:52:42.503  INFO 708 --- [main] com.zaxxer.hikari.HikariDataSource       : HikariPool-2 - Start completed.
2023-04-04 14:52:42.504  INFO 708 --- [main] org.hibernate.dialect.Dialect            : HHH000400: Using dialect: org.hibernate.dialect.Oracle10gDialect
2023-04-04 14:52:42.937  INFO 708 --- [main] o.h.e.t.j.p.i.JtaPlatformInitiator       : HHH000490: Using JtaPlatform implementation: [org.hibernate.engine.transaction.jta.platform.internal.NoJtaPlatform]
2023-04-04 14:52:42.938  INFO 708 --- [main] j.LocalContainerEntityManagerFactoryBean : Initialized JPA EntityManagerFactory for persistence unit 'default'
2023-04-04 14:52:44.913  WARN 708 --- [main] JpaBaseConfiguration$JpaWebConfiguration : spring.jpa.open-in-view is enabled by default. Therefore, database queries may be performed during view rendering. Explicitly configure spring.jpa.open-in-view to disable this warning
2023-04-04 14:52:46.400  INFO 708 --- [main] com.ashokit.ApplicationTests             : Started ApplicationTests in 5.506 seconds (JVM running for 29.983)
2023-04-04 14:52:46.441  INFO 708 --- [main] .b.t.a.w.s.WebMvcTestContextBootstrapper : Neither @ContextConfiguration nor @ContextHierarchy found for test class [com.ashokit.rest.EmpRestControllerTest], using SpringBootContextLoader
2023-04-04 14:52:46.444  INFO 708 --- [main] o.s.t.c.support.AbstractContextLoader    : Could not detect default resource locations for test class [com.ashokit.rest.EmpRestControllerTest]: no resource found for suffixes {-context.xml, Context.groovy}.
2023-04-04 14:52:46.444  INFO 708 --- [main] t.c.s.AnnotationConfigContextLoaderUtils : Could not detect default configuration classes for test class [com.ashokit.rest.EmpRestControllerTest]: EmpRestControllerTest does not declare any static, non-private, non-final, nested classes annotated with @Configuration.
2023-04-04 14:52:46.505  INFO 708 --- [main] .b.t.c.SpringBootTestContextBootstrapper : Found @SpringBootConfiguration com.ashokit.Application for test class com.ashokit.rest.EmpRestControllerTest
2023-04-04 14:52:46.510  INFO 708 --- [main] .b.t.a.w.s.WebMvcTestContextBootstrapper : Loaded default TestExecutionListener class names from location [META-INF/spring.factories]: [org.springframework.boot.test.mock.mockito.MockitoTestExecutionListener, org.springframework.boot.test.mock.mockito.ResetMocksTestExecutionListener, org.springframework.boot.test.autoconfigure.restdocs.RestDocsTestExecutionListener, org.springframework.boot.test.autoconfigure.web.client.MockRestServiceServerResetTestExecutionListener, org.springframework.boot.test.autoconfigure.web.servlet.MockMvcPrintOnlyOnFailureTestExecutionListener, org.springframework.boot.test.autoconfigure.web.servlet.WebDriverTestExecutionListener, org.springframework.boot.test.autoconfigure.webservices.client.MockWebServiceServerTestExecutionListener, org.springframework.test.context.web.ServletTestExecutionListener, org.springframework.test.context.support.DirtiesContextBeforeModesTestExecutionListener, org.springframework.test.context.event.ApplicationEventsTestExecutionListener, org.springframework.test.context.support.DependencyInjectionTestExecutionListener, org.springframework.test.context.support.DirtiesContextTestExecutionListener, org.springframework.test.context.transaction.TransactionalTestExecutionListener, org.springframework.test.context.jdbc.SqlScriptsTestExecutionListener, org.springframework.test.context.event.EventPublishingTestExecutionListener]
2023-04-04 14:52:46.512  INFO 708 --- [main] .b.t.a.w.s.WebMvcTestContextBootstrapper : Using TestExecutionListeners: [org.springframework.test.context.web.ServletTestExecutionListener@3831f4c2, org.springframework.test.context.support.DirtiesContextBeforeModesTestExecutionListener@75f2ff80, org.springframework.test.context.event.ApplicationEventsTestExecutionListener@253b1cbd, org.springframework.boot.test.mock.mockito.MockitoTestExecutionListener@a859c5, org.springframework.boot.test.autoconfigure.SpringBootDependencyInjectionTestExecutionListener@37083af6, org.springframework.test.context.support.DirtiesContextTestExecutionListener@55e4dd68, org.springframework.test.context.transaction.TransactionalTestExecutionListener@28c7fd9d, org.springframework.test.context.jdbc.SqlScriptsTestExecutionListener@6a63ff31, org.springframework.test.context.event.EventPublishingTestExecutionListener@1c4aa701, org.springframework.boot.test.mock.mockito.ResetMocksTestExecutionListener@6f36267d, org.springframework.boot.test.autoconfigure.restdocs.RestDocsTestExecutionListener@788a0513, org.springframework.boot.test.autoconfigure.web.client.MockRestServiceServerResetTestExecutionListener@d65e744, org.springframework.boot.test.autoconfigure.web.servlet.MockMvcPrintOnlyOnFailureTestExecutionListener@44de3b46, org.springframework.boot.test.autoconfigure.web.servlet.WebDriverTestExecutionListener@1a85e86e, org.springframework.boot.test.autoconfigure.webservices.client.MockWebServiceServerTestExecutionListener@320fc4b0]
2023-04-04 14:52:46.670  INFO 708 --- [main] com.ashokit.rest.EmpRestControllerTest   : Starting EmpRestControllerTest using Java 1.8.0_361 on DESKTOP-0A924NK with PID 708 (started by BISWA in E:\eclipseWorkspace\10-Employee-Details-API)
2023-04-04 14:52:46.671  INFO 708 --- [main] com.ashokit.rest.EmpRestControllerTest   : No active profile set, falling back to 1 default profile: "default"
2023-04-04 14:52:49.688  INFO 708 --- [main] o.s.b.t.m.w.SpringBootMockServletContext : Initializing Spring TestDispatcherServlet ''
2023-04-04 14:52:49.688  INFO 708 --- [main] o.s.t.web.servlet.TestDispatcherServlet  : Initializing Servlet ''
2023-04-04 14:52:49.691  INFO 708 --- [main] o.s.t.web.servlet.TestDispatcherServlet  : Completed initialization in 2 ms
2023-04-04 14:52:49.753  INFO 708 --- [main] com.ashokit.rest.EmpRestControllerTest   : Started EmpRestControllerTest in 3.232 seconds (JVM running for 33.335)
2023-04-04 14:52:50.341  INFO 708 --- [SpringApplicationShutdownHook] j.LocalContainerEntityManagerFactoryBean : Closing JPA EntityManagerFactory for persistence unit 'default'
2023-04-04 14:52:50.347  INFO 708 --- [SpringApplicationShutdownHook] com.zaxxer.hikari.HikariDataSource       : HikariPool-1 - Shutdown initiated...
2023-04-04 14:52:50.433  INFO 708 --- [SpringApplicationShutdownHook] com.zaxxer.hikari.HikariDataSource       : HikariPool-1 - Shutdown completed.
2023-04-04 14:52:50.441  INFO 708 --- [SpringApplicationShutdownHook] j.LocalContainerEntityManagerFactoryBean : Closing JPA EntityManagerFactory for persistence unit 'default'
2023-04-04 14:52:50.443  INFO 708 --- [SpringApplicationShutdownHook] com.zaxxer.hikari.HikariDataSource       : HikariPool-2 - Shutdown initiated...
2023-04-04 14:52:50.512  INFO 708 --- [SpringApplicationShutdownHook] com.zaxxer.hikari.HikariDataSource       : HikariPool-2 - Shutdown completed.
2023-04-04 14:55:21.772  INFO 2744 --- [main] com.ashokit.service.EmpServiceTest       : Starting EmpServiceTest using Java 1.8.0_361 on DESKTOP-0A924NK with PID 2744 (started by BISWA in E:\eclipseWorkspace\10-Employee-Details-API)
2023-04-04 14:55:21.775  INFO 2744 --- [main] com.ashokit.service.EmpServiceTest       : No active profile set, falling back to 1 default profile: "default"
2023-04-04 14:55:24.186  INFO 2744 --- [main] .s.d.r.c.RepositoryConfigurationDelegate : Bootstrapping Spring Data JPA repositories in DEFAULT mode.
2023-04-04 14:55:24.407  INFO 2744 --- [main] .s.d.r.c.RepositoryConfigurationDelegate : Finished Spring Data repository scanning in 186 ms. Found 1 JPA repository interfaces.
2023-04-04 14:55:28.813  INFO 2744 --- [main] o.hibernate.jpa.internal.util.LogHelper  : HHH000204: Processing PersistenceUnitInfo [name: default]
2023-04-04 14:55:29.092  INFO 2744 --- [main] org.hibernate.Version                    : HHH000412: Hibernate ORM core version 5.6.15.Final
2023-04-04 14:55:29.334  INFO 2744 --- [main] o.hibernate.annotations.common.Version   : HCANN000001: Hibernate Commons Annotations {5.1.2.Final}
2023-04-04 14:55:30.425  INFO 2744 --- [main] com.zaxxer.hikari.HikariDataSource       : HikariPool-1 - Starting...
2023-04-04 14:55:30.439  WARN 2744 --- [main] com.zaxxer.hikari.util.DriverDataSource  : Registered driver with driverClassName=oracle.jdbc.driver.OracleDriver was not found, trying direct instantiation.
2023-04-04 14:55:32.336  INFO 2744 --- [main] com.zaxxer.hikari.HikariDataSource       : HikariPool-1 - Start completed.
2023-04-04 14:55:32.530  INFO 2744 --- [main] org.hibernate.dialect.Dialect            : HHH000400: Using dialect: org.hibernate.dialect.Oracle10gDialect
2023-04-04 14:55:37.453  INFO 2744 --- [main] o.h.e.t.j.p.i.JtaPlatformInitiator       : HHH000490: Using JtaPlatform implementation: [org.hibernate.engine.transaction.jta.platform.internal.NoJtaPlatform]
2023-04-04 14:55:37.495  INFO 2744 --- [main] j.LocalContainerEntityManagerFactoryBean : Initialized JPA EntityManagerFactory for persistence unit 'default'
2023-04-04 14:55:38.350  WARN 2744 --- [main] JpaBaseConfiguration$JpaWebConfiguration : spring.jpa.open-in-view is enabled by default. Therefore, database queries may be performed during view rendering. Explicitly configure spring.jpa.open-in-view to disable this warning
2023-04-04 14:55:40.857  INFO 2744 --- [main] com.ashokit.service.EmpServiceTest       : Started EmpServiceTest in 20.392 seconds (JVM running for 25.224)
2023-04-04 14:55:41.139  INFO 2744 --- [main] com.ashokit.service.EmpService           : getEmp ::start
2023-04-04 14:55:41.158  INFO 2744 --- [main] com.ashokit.service.EmpService           : getEmp ::end
2023-04-04 14:55:41.266  INFO 2744 --- [main] .b.t.c.SpringBootTestContextBootstrapper : Neither @ContextConfiguration nor @ContextHierarchy found for test class [com.ashokit.ApplicationTests], using SpringBootContextLoader
2023-04-04 14:55:41.268  INFO 2744 --- [main] o.s.t.c.support.AbstractContextLoader    : Could not detect default resource locations for test class [com.ashokit.ApplicationTests]: no resource found for suffixes {-context.xml, Context.groovy}.
2023-04-04 14:55:41.269  INFO 2744 --- [main] t.c.s.AnnotationConfigContextLoaderUtils : Could not detect default configuration classes for test class [com.ashokit.ApplicationTests]: ApplicationTests does not declare any static, non-private, non-final, nested classes annotated with @Configuration.
2023-04-04 14:55:41.284  INFO 2744 --- [main] .b.t.c.SpringBootTestContextBootstrapper : Found @SpringBootConfiguration com.ashokit.Application for test class com.ashokit.ApplicationTests
2023-04-04 14:55:41.290  INFO 2744 --- [main] .b.t.c.SpringBootTestContextBootstrapper : Loaded default TestExecutionListener class names from location [META-INF/spring.factories]: [org.springframework.boot.test.mock.mockito.MockitoTestExecutionListener, org.springframework.boot.test.mock.mockito.ResetMocksTestExecutionListener, org.springframework.boot.test.autoconfigure.restdocs.RestDocsTestExecutionListener, org.springframework.boot.test.autoconfigure.web.client.MockRestServiceServerResetTestExecutionListener, org.springframework.boot.test.autoconfigure.web.servlet.MockMvcPrintOnlyOnFailureTestExecutionListener, org.springframework.boot.test.autoconfigure.web.servlet.WebDriverTestExecutionListener, org.springframework.boot.test.autoconfigure.webservices.client.MockWebServiceServerTestExecutionListener, org.springframework.test.context.web.ServletTestExecutionListener, org.springframework.test.context.support.DirtiesContextBeforeModesTestExecutionListener, org.springframework.test.context.event.ApplicationEventsTestExecutionListener, org.springframework.test.context.support.DependencyInjectionTestExecutionListener, org.springframework.test.context.support.DirtiesContextTestExecutionListener, org.springframework.test.context.transaction.TransactionalTestExecutionListener, org.springframework.test.context.jdbc.SqlScriptsTestExecutionListener, org.springframework.test.context.event.EventPublishingTestExecutionListener]
2023-04-04 14:55:41.291  INFO 2744 --- [main] .b.t.c.SpringBootTestContextBootstrapper : Using TestExecutionListeners: [org.springframework.test.context.web.ServletTestExecutionListener@413eaf5d, org.springframework.test.context.support.DirtiesContextBeforeModesTestExecutionListener@3e28af44, org.springframework.test.context.event.ApplicationEventsTestExecutionListener@33891646, org.springframework.boot.test.mock.mockito.MockitoTestExecutionListener@3bdbf8d3, org.springframework.boot.test.autoconfigure.SpringBootDependencyInjectionTestExecutionListener@f2becb2, org.springframework.test.context.support.DirtiesContextTestExecutionListener@7482309c, org.springframework.test.context.transaction.TransactionalTestExecutionListener@f42336c, org.springframework.test.context.jdbc.SqlScriptsTestExecutionListener@6b3b4f37, org.springframework.test.context.event.EventPublishingTestExecutionListener@3b25709e, org.springframework.boot.test.mock.mockito.ResetMocksTestExecutionListener@5ec6a1b6, org.springframework.boot.test.autoconfigure.restdocs.RestDocsTestExecutionListener@40013051, org.springframework.boot.test.autoconfigure.web.client.MockRestServiceServerResetTestExecutionListener@71f29d91, org.springframework.boot.test.autoconfigure.web.servlet.MockMvcPrintOnlyOnFailureTestExecutionListener@6143b2b1, org.springframework.boot.test.autoconfigure.web.servlet.WebDriverTestExecutionListener@a63643e, org.springframework.boot.test.autoconfigure.webservices.client.MockWebServiceServerTestExecutionListener@43294e9b]
2023-04-04 14:55:41.427  INFO 2744 --- [main] com.ashokit.ApplicationTests             : Starting ApplicationTests using Java 1.8.0_361 on DESKTOP-0A924NK with PID 2744 (started by BISWA in E:\eclipseWorkspace\10-Employee-Details-API)
2023-04-04 14:55:41.427  INFO 2744 --- [main] com.ashokit.ApplicationTests             : No active profile set, falling back to 1 default profile: "default"
2023-04-04 14:55:42.145  INFO 2744 --- [main] .s.d.r.c.RepositoryConfigurationDelegate : Bootstrapping Spring Data JPA repositories in DEFAULT mode.
2023-04-04 14:55:42.178  INFO 2744 --- [main] .s.d.r.c.RepositoryConfigurationDelegate : Finished Spring Data repository scanning in 32 ms. Found 1 JPA repository interfaces.
2023-04-04 14:55:42.745  INFO 2744 --- [main] o.hibernate.jpa.internal.util.LogHelper  : HHH000204: Processing PersistenceUnitInfo [name: default]
2023-04-04 14:55:42.762  INFO 2744 --- [main] com.zaxxer.hikari.HikariDataSource       : HikariPool-2 - Starting...
2023-04-04 14:55:42.763  WARN 2744 --- [main] com.zaxxer.hikari.util.DriverDataSource  : Registered driver with driverClassName=oracle.jdbc.driver.OracleDriver was not found, trying direct instantiation.
2023-04-04 14:55:42.814  INFO 2744 --- [main] com.zaxxer.hikari.HikariDataSource       : HikariPool-2 - Start completed.
2023-04-04 14:55:42.814  INFO 2744 --- [main] org.hibernate.dialect.Dialect            : HHH000400: Using dialect: org.hibernate.dialect.Oracle10gDialect
2023-04-04 14:55:43.286  INFO 2744 --- [main] o.h.e.t.j.p.i.JtaPlatformInitiator       : HHH000490: Using JtaPlatform implementation: [org.hibernate.engine.transaction.jta.platform.internal.NoJtaPlatform]
2023-04-04 14:55:43.287  INFO 2744 --- [main] j.LocalContainerEntityManagerFactoryBean : Initialized JPA EntityManagerFactory for persistence unit 'default'
2023-04-04 14:55:45.284  WARN 2744 --- [main] JpaBaseConfiguration$JpaWebConfiguration : spring.jpa.open-in-view is enabled by default. Therefore, database queries may be performed during view rendering. Explicitly configure spring.jpa.open-in-view to disable this warning
2023-04-04 14:55:46.887  INFO 2744 --- [main] com.ashokit.ApplicationTests             : Started ApplicationTests in 5.589 seconds (JVM running for 31.255)
2023-04-04 14:55:46.932  INFO 2744 --- [main] .b.t.a.w.s.WebMvcTestContextBootstrapper : Neither @ContextConfiguration nor @ContextHierarchy found for test class [com.ashokit.rest.EmpRestControllerTest], using SpringBootContextLoader
2023-04-04 14:55:46.934  INFO 2744 --- [main] o.s.t.c.support.AbstractContextLoader    : Could not detect default resource locations for test class [com.ashokit.rest.EmpRestControllerTest]: no resource found for suffixes {-context.xml, Context.groovy}.
2023-04-04 14:55:46.935  INFO 2744 --- [main] t.c.s.AnnotationConfigContextLoaderUtils : Could not detect default configuration classes for test class [com.ashokit.rest.EmpRestControllerTest]: EmpRestControllerTest does not declare any static, non-private, non-final, nested classes annotated with @Configuration.
2023-04-04 14:55:47.024  INFO 2744 --- [main] .b.t.c.SpringBootTestContextBootstrapper : Found @SpringBootConfiguration com.ashokit.Application for test class com.ashokit.rest.EmpRestControllerTest
2023-04-04 14:55:47.028  INFO 2744 --- [main] .b.t.a.w.s.WebMvcTestContextBootstrapper : Loaded default TestExecutionListener class names from location [META-INF/spring.factories]: [org.springframework.boot.test.mock.mockito.MockitoTestExecutionListener, org.springframework.boot.test.mock.mockito.ResetMocksTestExecutionListener, org.springframework.boot.test.autoconfigure.restdocs.RestDocsTestExecutionListener, org.springframework.boot.test.autoconfigure.web.client.MockRestServiceServerResetTestExecutionListener, org.springframework.boot.test.autoconfigure.web.servlet.MockMvcPrintOnlyOnFailureTestExecutionListener, org.springframework.boot.test.autoconfigure.web.servlet.WebDriverTestExecutionListener, org.springframework.boot.test.autoconfigure.webservices.client.MockWebServiceServerTestExecutionListener, org.springframework.test.context.web.ServletTestExecutionListener, org.springframework.test.context.support.DirtiesContextBeforeModesTestExecutionListener, org.springframework.test.context.event.ApplicationEventsTestExecutionListener, org.springframework.test.context.support.DependencyInjectionTestExecutionListener, org.springframework.test.context.support.DirtiesContextTestExecutionListener, org.springframework.test.context.transaction.TransactionalTestExecutionListener, org.springframework.test.context.jdbc.SqlScriptsTestExecutionListener, org.springframework.test.context.event.EventPublishingTestExecutionListener]
2023-04-04 14:55:47.030  INFO 2744 --- [main] .b.t.a.w.s.WebMvcTestContextBootstrapper : Using TestExecutionListeners: [org.springframework.test.context.web.ServletTestExecutionListener@253b1cbd, org.springframework.test.context.support.DirtiesContextBeforeModesTestExecutionListener@a859c5, org.springframework.test.context.event.ApplicationEventsTestExecutionListener@37083af6, org.springframework.boot.test.mock.mockito.MockitoTestExecutionListener@55e4dd68, org.springframework.boot.test.autoconfigure.SpringBootDependencyInjectionTestExecutionListener@28c7fd9d, org.springframework.test.context.support.DirtiesContextTestExecutionListener@6a63ff31, org.springframework.test.context.transaction.TransactionalTestExecutionListener@1c4aa701, org.springframework.test.context.jdbc.SqlScriptsTestExecutionListener@6f36267d, org.springframework.test.context.event.EventPublishingTestExecutionListener@788a0513, org.springframework.boot.test.mock.mockito.ResetMocksTestExecutionListener@d65e744, org.springframework.boot.test.autoconfigure.restdocs.RestDocsTestExecutionListener@44de3b46, org.springframework.boot.test.autoconfigure.web.client.MockRestServiceServerResetTestExecutionListener@1a85e86e, org.springframework.boot.test.autoconfigure.web.servlet.MockMvcPrintOnlyOnFailureTestExecutionListener@320fc4b0, org.springframework.boot.test.autoconfigure.web.servlet.WebDriverTestExecutionListener@10724a72, org.springframework.boot.test.autoconfigure.webservices.client.MockWebServiceServerTestExecutionListener@25435731]
2023-04-04 14:55:47.196  INFO 2744 --- [main] com.ashokit.rest.EmpRestControllerTest   : Starting EmpRestControllerTest using Java 1.8.0_361 on DESKTOP-0A924NK with PID 2744 (started by BISWA in E:\eclipseWorkspace\10-Employee-Details-API)
2023-04-04 14:55:47.197  INFO 2744 --- [main] com.ashokit.rest.EmpRestControllerTest   : No active profile set, falling back to 1 default profile: "default"
2023-04-04 14:55:48.869  INFO 2744 --- [main] o.s.b.t.m.w.SpringBootMockServletContext : Initializing Spring TestDispatcherServlet ''
2023-04-04 14:55:48.870  INFO 2744 --- [main] o.s.t.web.servlet.TestDispatcherServlet  : Initializing Servlet ''
2023-04-04 14:55:48.872  INFO 2744 --- [main] o.s.t.web.servlet.TestDispatcherServlet  : Completed initialization in 2 ms
2023-04-04 14:55:48.929  INFO 2744 --- [main] com.ashokit.rest.EmpRestControllerTest   : Started EmpRestControllerTest in 1.843 seconds (JVM running for 33.296)
2023-04-04 14:55:49.326  INFO 2744 --- [SpringApplicationShutdownHook] j.LocalContainerEntityManagerFactoryBean : Closing JPA EntityManagerFactory for persistence unit 'default'
2023-04-04 14:55:49.332  INFO 2744 --- [SpringApplicationShutdownHook] com.zaxxer.hikari.HikariDataSource       : HikariPool-1 - Shutdown initiated...
2023-04-04 14:55:49.402  INFO 2744 --- [SpringApplicationShutdownHook] com.zaxxer.hikari.HikariDataSource       : HikariPool-1 - Shutdown completed.
2023-04-04 14:55:49.409  INFO 2744 --- [SpringApplicationShutdownHook] j.LocalContainerEntityManagerFactoryBean : Closing JPA EntityManagerFactory for persistence unit 'default'
2023-04-04 14:55:49.411  INFO 2744 --- [SpringApplicationShutdownHook] com.zaxxer.hikari.HikariDataSource       : HikariPool-2 - Shutdown initiated...
2023-04-04 14:55:49.494  INFO 2744 --- [SpringApplicationShutdownHook] com.zaxxer.hikari.HikariDataSource       : HikariPool-2 - Shutdown completed.
2023-04-04 15:10:15.164  INFO 8492 --- [RMI TCP Connection(2)-127.0.0.1] inMXBeanRegistrar$SpringApplicationAdmin : Application shutdown requested.
2023-04-04 15:10:16.184  INFO 8492 --- [RMI TCP Connection(2)-127.0.0.1] o.apache.catalina.core.StandardService   : Stopping service [Tomcat]
2023-04-04 15:10:16.937  INFO 8492 --- [RMI TCP Connection(2)-127.0.0.1] j.LocalContainerEntityManagerFactoryBean : Closing JPA EntityManagerFactory for persistence unit 'default'
2023-04-04 15:10:17.012  INFO 8492 --- [RMI TCP Connection(2)-127.0.0.1] com.zaxxer.hikari.HikariDataSource       : HikariPool-2 - Shutdown initiated...
2023-04-04 15:10:17.235  INFO 8492 --- [RMI TCP Connection(2)-127.0.0.1] com.zaxxer.hikari.HikariDataSource       : HikariPool-2 - Shutdown completed.
